SF:lib/data/models/vendor.dart
DA:11,4
DA:19,0
DA:20,0
DA:21,0
DA:22,0
DA:23,0
DA:24,0
DA:27,2
DA:28,1
DA:29,1
DA:30,1
DA:31,1
DA:32,1
DA:35,0
DA:36,0
LF:15
LH:7
end_of_record
SF:lib/data/repository/vendor_repository.dart
DA:10,0
DA:13,0
DA:16,0
DA:17,0
DA:19,0
DA:20,0
DA:22,0
DA:23,0
DA:27,0
DA:28,0
DA:29,0
DA:30,0
DA:31,0
DA:36,0
DA:37,0
DA:38,0
DA:39,0
DA:43,0
DA:44,0
LF:19
LH:0
end_of_record
SF:lib/presentation/vendors/vendor_provider.dart
DA:10,0
DA:13,9
DA:14,0
DA:15,0
DA:16,0
DA:22,8
DA:23,4
DA:26,2
DA:27,2
DA:30,4
DA:33,2
DA:34,6
DA:35,2
DA:38,4
DA:44,8
DA:47,8
DA:48,6
DA:49,4
DA:51,2
DA:52,2
DA:53,2
DA:54,2
DA:55,6
DA:56,6
DA:57,6
DA:58,2
DA:59,2
DA:60,0
DA:67,8
DA:68,4
DA:69,2
DA:76,6
DA:77,6
DA:81,1
DA:82,3
DA:83,3
DA:84,8
DA:86,2
DA:87,4
DA:92,3
LF:40
LH:35
end_of_record
SF:lib/core/storage/hive_local_storage_repository.dart
DA:8,0
DA:10,0
DA:12,0
DA:15,0
DA:17,0
DA:20,0
DA:22,0
DA:25,0
DA:27,0
DA:30,0
DA:32,0
LF:11
LH:0
end_of_record
SF:lib/core/storage/hive_storage_provider.dart
DA:8,0
DA:9,0
LF:2
LH:0
end_of_record
SF:lib/core/storage/storage_keys.dart
DA:9,0
LF:1
LH:0
end_of_record
SF:lib/data/services/vendor_service.dart
DA:7,1
DA:8,2
DA:9,1
DA:10,3
DA:12,2
DA:13,2
DA:14,4
DA:15,2
LF:8
LH:8
end_of_record
SF:lib/presentation/vendors/vendor_detail_screen.dart
DA:7,1
DA:9,1
DA:11,4
DA:12,1
DA:13,4
DA:14,1
DA:16,1
DA:18,1
DA:19,1
DA:20,1
DA:21,3
DA:22,1
DA:24,1
DA:25,1
DA:26,1
DA:31,0
DA:32,0
DA:40,1
DA:41,2
DA:42,4
DA:48,1
DA:49,2
DA:50,4
DA:51,1
DA:56,1
DA:57,1
DA:58,1
DA:60,1
DA:61,1
DA:62,2
DA:63,3
DA:69,1
DA:70,1
DA:71,1
DA:73,1
DA:74,3
DA:75,3
LF:37
LH:35
end_of_record
SF:lib/presentation/vendors/vendor_list_screen.dart
DA:9,1
DA:11,1
DA:12,1
DA:19,1
DA:21,2
DA:22,1
DA:25,1
DA:27,2
DA:28,2
DA:29,1
DA:32,1
DA:33,1
DA:34,3
DA:35,5
DA:39,1
DA:41,3
DA:43,1
DA:44,2
DA:45,1
DA:46,0
DA:47,0
DA:49,1
DA:50,0
DA:51,1
DA:52,1
DA:53,1
DA:55,1
DA:56,1
DA:57,1
DA:58,1
DA:59,1
DA:61,1
DA:62,3
DA:63,1
DA:64,1
DA:65,0
DA:66,0
DA:67,0
DA:71,1
DA:75,1
DA:76,4
DA:77,2
DA:78,2
DA:79,1
DA:81,1
DA:82,1
DA:83,1
DA:84,1
DA:85,2
DA:90,3
DA:91,0
LF:51
LH:44
end_of_record
SF:lib/presentation/widgets/vendor_card.dart
DA:10,1
DA:12,1
DA:14,5
DA:15,4
DA:17,1
DA:18,3
DA:19,1
DA:21,2
DA:23,1
DA:24,1
DA:25,3
DA:26,1
DA:28,1
DA:29,1
DA:30,1
DA:34,0
DA:35,0
DA:41,3
DA:42,7
DA:43,1
DA:44,1
DA:45,0
LF:22
LH:19
end_of_record
